<html>
<head>
<title>TestNG:  Command line test</title>
<link href="../testng.css" rel="stylesheet" type="text/css" />
<link href="../my-testng.css" rel="stylesheet" type="text/css" />

<style type="text/css">
.log { display: none;} 
.stack-trace { display: none;} 
</style>
<script type="text/javascript">
<!--
function flip(e) {
  current = e.style.display;
  if (current == 'block') {
    e.style.display = 'none';
    return 0;
  }
  else {
    e.style.display = 'block';
    return 1;
  }
}

function toggleBox(szDivId, elem, msg1, msg2)
{
  var res = -1;  if (document.getElementById) {
    res = flip(document.getElementById(szDivId));
  }
  else if (document.all) {
    // this is the way old msie versions work
    res = flip(document.all[szDivId]);
  }
  if(elem) {
    if(res == 0) elem.innerHTML = msg1; else elem.innerHTML = msg2;
  }

}

function toggleAllBoxes() {
  if (document.getElementsByTagName) {
    d = document.getElementsByTagName('div');
    for (i = 0; i < d.length; i++) {
      if (d[i].className == 'log') {
        flip(d[i]);
      }
    }
  }
}

// -->
</script>

</head>
<body>
<h2 align='center'>Command line test</h2><table border='1' align="center">
<tr>
<td>Tests passed/Failed/Skipped:</td><td>5/0/1</td>
</tr><tr>
<td>Started on:</td><td>Fri Oct 23 11:16:15 EDT 2015</td>
</tr>
<tr><td>Total time:</td><td>0 seconds (632 ms)</td>
</tr><tr>
<td>Included groups:</td><td></td>
</tr><tr>
<td>Excluded groups:</td><td></td>
</tr>
</table><p/>
<small><i>(Hover the method name to see the test class name)</i></small><p/>
<table width='100%' border='1' class='invocation-passed'>
<tr><td colspan='4' align='center'><b>PASSED TESTS</b></td></tr>
<tr><td><b>Test method</b></td>
<td width="30%"><b>Exception</b></td>
<td width="10%"><b>Time (seconds)</b></td>
<td><b>Instance</b></td>
</tr>
<tr>
<td title='innRoadApi.QAApiTesting.SuiteA.Test1.test1()'><b>test1</b><br>Test class: innRoadApi.QAApiTesting.SuiteA.Test1<br>Parameters: {Col3=C33, Col2=C22, Col1=C11, Runmode=Y, Result=}</td>
<td></td>
<td>0</td>
<td>innRoadApi.QAApiTesting.SuiteA.Test1@26ba2a48</td></tr>
<tr>
<td title='innRoadApi.QAApiTesting.SuiteA.Test1.test1()'><b>test1</b><br>Test class: innRoadApi.QAApiTesting.SuiteA.Test1<br>Parameters: {Col3=C34, Col2=C23, Col1=C21, Runmode=Y, Result=}</td>
<td></td>
<td>0</td>
<td>innRoadApi.QAApiTesting.SuiteA.Test1@26ba2a48</td></tr>
<tr>
<td title='innRoadApi.QAApiTesting.SuiteA.Test1.test1()'><b>test1</b><br>Test class: innRoadApi.QAApiTesting.SuiteA.Test1<br>Parameters: {Col3=C35, Col2=C24, Col1=C31, Runmode=Y, Result=}</td>
<td></td>
<td>0</td>
<td>innRoadApi.QAApiTesting.SuiteA.Test1@26ba2a48</td></tr>
<tr>
<td title='innRoadApi.QAApiTesting.SuiteA.Test2.test2()'><b>test2</b><br>Test class: innRoadApi.QAApiTesting.SuiteA.Test2<br>Parameters: {Col4=C43, Col3=C33, Col2=C22, Col1=C11, Runmode=Y, Result=}</td>
<td></td>
<td>0</td>
<td>innRoadApi.QAApiTesting.SuiteA.Test2@5f2050f6</td></tr>
<tr>
<td title='innRoadApi.QAApiTesting.SuiteA.Test2.test2()'><b>test2</b><br>Test class: innRoadApi.QAApiTesting.SuiteA.Test2<br>Parameters: {Col4=C46, Col3=C35, Col2=C24, Col1=C31, Runmode=Y, Result=}</td>
<td></td>
<td>0</td>
<td>innRoadApi.QAApiTesting.SuiteA.Test2@5f2050f6</td></tr>
</table><p>
<table width='100%' border='1' class='invocation-skipped'>
<tr><td colspan='4' align='center'><b>SKIPPED TESTS</b></td></tr>
<tr><td><b>Test method</b></td>
<td width="30%"><b>Exception</b></td>
<td width="10%"><b>Time (seconds)</b></td>
<td><b>Instance</b></td>
</tr>
<tr>
<td title='innRoadApi.QAApiTesting.SuiteA.Test2.test2()'><b>test2</b><br>Test class: innRoadApi.QAApiTesting.SuiteA.Test2<br>Parameters: {Col4=C45, Col3=C34, Col2=C23, Col1=C21, Runmode=N, Result=}</td>
<td><div><pre>org.testng.SkipException: Skpping the test Test2 inside the suite SuiteA
	at innRoadApi.QAApiTesting.Base.TestBase.validateRunmodes(TestBase.java:22)
	at innRoadApi.QAApiTesting.SuiteA.Test2.test2(Test2.java:22)
	at org.apache.maven.surefire.testng.TestNGExecutor.run(TestNGExecutor.java:77)
	at org.apache.maven.surefire.testng.TestNGDirectoryTestSuite.executeMulti(TestNGDirectoryTestSuite.java:159)
	at org.apache.maven.surefire.testng.TestNGDirectoryTestSuite.execute(TestNGDirectoryTestSuite.java:99)
	at org.apache.maven.surefire.testng.TestNGProvider.invoke(TestNGProvider.java:106)
	at org.apache.maven.surefire.util.ReflectionUtils.invokeMethodWithArray(ReflectionUtils.java:189)
	at org.apache.maven.surefire.booter.ProviderFactory$ProviderProxy.invoke(ProviderFactory.java:165)
	at org.apache.maven.surefire.booter.ProviderFactory.invokeProvider(ProviderFactory.java:85)
	at org.apache.maven.surefire.booter.ForkedBooter.runSuitesInProcess(ForkedBooter.java:115)
	at org.apache.maven.surefire.booter.ForkedBooter.main(ForkedBooter.java:75)
... Removed 26 stack frames</pre></div><a href='#' onClick='toggleBox("stack-trace1374754488", this, "Click to show all stack frames", "Click to hide stack frames")'>Click to show all stack frames</a>
<div class='stack-trace' id='stack-trace1374754488'><pre>org.testng.SkipException: Skpping the test Test2 inside the suite SuiteA
	at innRoadApi.QAApiTesting.Base.TestBase.validateRunmodes(TestBase.java:22)
	at innRoadApi.QAApiTesting.SuiteA.Test2.test2(Test2.java:22)
	at sun.reflect.NativeMethodAccessorImpl.invoke0(Native Method)
	at sun.reflect.NativeMethodAccessorImpl.invoke(NativeMethodAccessorImpl.java:62)
	at sun.reflect.DelegatingMethodAccessorImpl.invoke(DelegatingMethodAccessorImpl.java:43)
	at java.lang.reflect.Method.invoke(Method.java:497)
	at org.testng.internal.MethodInvocationHelper.invokeMethod(MethodInvocationHelper.java:80)
	at org.testng.internal.Invoker.invokeMethod(Invoker.java:673)
	at org.testng.internal.Invoker.invokeTestMethod(Invoker.java:842)
	at org.testng.internal.Invoker.invokeTestMethods(Invoker.java:1166)
	at org.testng.internal.TestMethodWorker.invokeTestMethods(TestMethodWorker.java:125)
	at org.testng.internal.TestMethodWorker.run(TestMethodWorker.java:109)
	at org.testng.TestRunner.runWorkers(TestRunner.java:1178)
	at org.testng.TestRunner.privateRun(TestRunner.java:757)
	at org.testng.TestRunner.run(TestRunner.java:608)
	at org.testng.SuiteRunner.runTest(SuiteRunner.java:334)
	at org.testng.SuiteRunner.runSequentially(SuiteRunner.java:329)
	at org.testng.SuiteRunner.privateRun(SuiteRunner.java:291)
	at org.testng.SuiteRunner.run(SuiteRunner.java:240)
	at org.testng.SuiteRunnerWorker.runSuite(SuiteRunnerWorker.java:52)
	at org.testng.SuiteRunnerWorker.run(SuiteRunnerWorker.java:86)
	at org.testng.TestNG.runSuitesSequentially(TestNG.java:1158)
	at org.testng.TestNG.runSuitesLocally(TestNG.java:1083)
	at org.testng.TestNG.run(TestNG.java:999)
	at org.apache.maven.surefire.testng.TestNGExecutor.run(TestNGExecutor.java:77)
	at org.apache.maven.surefire.testng.TestNGDirectoryTestSuite.executeMulti(TestNGDirectoryTestSuite.java:159)
	at org.apache.maven.surefire.testng.TestNGDirectoryTestSuite.execute(TestNGDirectoryTestSuite.java:99)
	at org.apache.maven.surefire.testng.TestNGProvider.invoke(TestNGProvider.java:106)
	at sun.reflect.NativeMethodAccessorImpl.invoke0(Native Method)
	at sun.reflect.NativeMethodAccessorImpl.invoke(NativeMethodAccessorImpl.java:62)
	at sun.reflect.DelegatingMethodAccessorImpl.invoke(DelegatingMethodAccessorImpl.java:43)
	at java.lang.reflect.Method.invoke(Method.java:497)
	at org.apache.maven.surefire.util.ReflectionUtils.invokeMethodWithArray(ReflectionUtils.java:189)
	at org.apache.maven.surefire.booter.ProviderFactory$ProviderProxy.invoke(ProviderFactory.java:165)
	at org.apache.maven.surefire.booter.ProviderFactory.invokeProvider(ProviderFactory.java:85)
	at org.apache.maven.surefire.booter.ForkedBooter.runSuitesInProcess(ForkedBooter.java:115)
	at org.apache.maven.surefire.booter.ForkedBooter.main(ForkedBooter.java:75)
</pre></div></td>
<td>0</td>
<td>innRoadApi.QAApiTesting.SuiteA.Test2@5f2050f6</td></tr>
</table><p>
</body>
</html>